2016-10-24 12:35:15 [127.0.0.1][-][afb2au2arims6vgfjs38bhuut3][error][yii\db\Exception] PDOException: SQLSTATE[HY000] [1045] Access denied for user 'root'@'localhost' (using password: YES) in E:\vagrant\www\QXCMS\vendor\yiisoft\yii2\db\Connection.php:603
Stack trace:
#0 E:\vagrant\www\QXCMS\vendor\yiisoft\yii2\db\Connection.php(603): PDO->__construct('mysql:host=loca...', 'root', '123321', NULL)
#1 E:\vagrant\www\QXCMS\vendor\yiisoft\yii2\db\Connection.php(545): yii\db\Connection->createPdoInstance()
#2 E:\vagrant\www\QXCMS\vendor\yiisoft\yii2\db\Connection.php(864): yii\db\Connection->open()
#3 E:\vagrant\www\QXCMS\vendor\yiisoft\yii2\db\Connection.php(851): yii\db\Connection->getMasterPdo()
#4 E:\vagrant\www\QXCMS\vendor\yiisoft\yii2\db\Command.php(219): yii\db\Connection->getSlavePdo()
#5 E:\vagrant\www\QXCMS\vendor\yiisoft\yii2\db\Command.php(894): yii\db\Command->prepare(true)
#6 E:\vagrant\www\QXCMS\vendor\yiisoft\yii2\db\Command.php(376): yii\db\Command->queryInternal('fetch', NULL)
#7 E:\vagrant\www\QXCMS\vendor\yiisoft\yii2\db\Query.php(247): yii\db\Command->queryOne()
#8 E:\vagrant\www\QXCMS\vendor\yiisoft\yii2\db\ActiveQuery.php(295): yii\db\Query->one(NULL)
#9 E:\vagrant\www\QXCMS\vendor\yiisoft\yii2\db\BaseActiveRecord.php(107): yii\db\ActiveQuery->one()
#10 E:\vagrant\www\QXCMS\backend\models\User.php(64): yii\db\BaseActiveRecord::findOne(Array)
#11 E:\vagrant\www\QXCMS\vendor\yiisoft\yii2\web\User.php(665): backend\models\User::findIdentity(1)
#12 E:\vagrant\www\QXCMS\vendor\yiisoft\yii2\web\User.php(188): yii\web\User->renewAuthStatus()
#13 E:\vagrant\www\QXCMS\vendor\yiisoft\yii2\web\User.php(340): yii\web\User->getIdentity()
#14 E:\vagrant\www\QXCMS\vendor\yiisoft\yii2\filters\AccessRule.php(144): yii\web\User->getIsGuest()
#15 E:\vagrant\www\QXCMS\vendor\yiisoft\yii2\filters\AccessRule.php(103): yii\filters\AccessRule->matchRole(Object(yii\web\User))
#16 E:\vagrant\www\QXCMS\vendor\yiisoft\yii2\filters\AccessControl.php(118): yii\filters\AccessRule->allows(Object(yii\base\InlineAction), Object(yii\web\User), Object(yii\web\Request))
#17 E:\vagrant\www\QXCMS\vendor\yiisoft\yii2\base\ActionFilter.php(73): yii\filters\AccessControl->beforeAction(Object(yii\base\InlineAction))
#18 [internal function]: yii\base\ActionFilter->beforeFilter(Object(yii\base\ActionEvent))
#19 E:\vagrant\www\QXCMS\vendor\yiisoft\yii2\base\Component.php(541): call_user_func(Array, Object(yii\base\ActionEvent))
#20 E:\vagrant\www\QXCMS\vendor\yiisoft\yii2\base\Controller.php(269): yii\base\Component->trigger('beforeAction', Object(yii\base\ActionEvent))
#21 E:\vagrant\www\QXCMS\vendor\yiisoft\yii2\web\Controller.php(108): yii\base\Controller->beforeAction(Object(yii\base\InlineAction))
#22 E:\vagrant\www\QXCMS\vendor\yiisoft\yii2\base\Controller.php(152): yii\web\Controller->beforeAction(Object(yii\base\InlineAction))
#23 E:\vagrant\www\QXCMS\vendor\yiisoft\yii2\base\Module.php(454): yii\base\Controller->runAction('signup', Array)
#24 E:\vagrant\www\QXCMS\vendor\yiisoft\yii2\web\Application.php(87): yii\base\Module->runAction('site/signup', Array)
#25 E:\vagrant\www\QXCMS\vendor\yiisoft\yii2\base\Application.php(375): yii\web\Application->handleRequest(Object(yii\web\Request))
#26 E:\vagrant\www\QXCMS\backend\web\index.php(18): yii\base\Application->run()
#27 {main}

Next yii\db\Exception: SQLSTATE[HY000] [1045] Access denied for user 'root'@'localhost' (using password: YES) in E:\vagrant\www\QXCMS\vendor\yiisoft\yii2\db\Connection.php:550
Stack trace:
#0 E:\vagrant\www\QXCMS\vendor\yiisoft\yii2\db\Connection.php(864): yii\db\Connection->open()
#1 E:\vagrant\www\QXCMS\vendor\yiisoft\yii2\db\Connection.php(851): yii\db\Connection->getMasterPdo()
#2 E:\vagrant\www\QXCMS\vendor\yiisoft\yii2\db\Command.php(219): yii\db\Connection->getSlavePdo()
#3 E:\vagrant\www\QXCMS\vendor\yiisoft\yii2\db\Command.php(894): yii\db\Command->prepare(true)
#4 E:\vagrant\www\QXCMS\vendor\yiisoft\yii2\db\Command.php(376): yii\db\Command->queryInternal('fetch', NULL)
#5 E:\vagrant\www\QXCMS\vendor\yiisoft\yii2\db\Query.php(247): yii\db\Command->queryOne()
#6 E:\vagrant\www\QXCMS\vendor\yiisoft\yii2\db\ActiveQuery.php(295): yii\db\Query->one(NULL)
#7 E:\vagrant\www\QXCMS\vendor\yiisoft\yii2\db\BaseActiveRecord.php(107): yii\db\ActiveQuery->one()
#8 E:\vagrant\www\QXCMS\backend\models\User.php(64): yii\db\BaseActiveRecord::findOne(Array)
#9 E:\vagrant\www\QXCMS\vendor\yiisoft\yii2\web\User.php(665): backend\models\User::findIdentity(1)
#10 E:\vagrant\www\QXCMS\vendor\yiisoft\yii2\web\User.php(188): yii\web\User->renewAuthStatus()
#11 E:\vagrant\www\QXCMS\vendor\yiisoft\yii2\web\User.php(340): yii\web\User->getIdentity()
#12 E:\vagrant\www\QXCMS\vendor\yiisoft\yii2\filters\AccessRule.php(144): yii\web\User->getIsGuest()
#13 E:\vagrant\www\QXCMS\vendor\yiisoft\yii2\filters\AccessRule.php(103): yii\filters\AccessRule->matchRole(Object(yii\web\User))
#14 E:\vagrant\www\QXCMS\vendor\yiisoft\yii2\filters\AccessControl.php(118): yii\filters\AccessRule->allows(Object(yii\base\InlineAction), Object(yii\web\User), Object(yii\web\Request))
#15 E:\vagrant\www\QXCMS\vendor\yiisoft\yii2\base\ActionFilter.php(73): yii\filters\AccessControl->beforeAction(Object(yii\base\InlineAction))
#16 [internal function]: yii\base\ActionFilter->beforeFilter(Object(yii\base\ActionEvent))
#17 E:\vagrant\www\QXCMS\vendor\yiisoft\yii2\base\Component.php(541): call_user_func(Array, Object(yii\base\ActionEvent))
#18 E:\vagrant\www\QXCMS\vendor\yiisoft\yii2\base\Controller.php(269): yii\base\Component->trigger('beforeAction', Object(yii\base\ActionEvent))
#19 E:\vagrant\www\QXCMS\vendor\yiisoft\yii2\web\Controller.php(108): yii\base\Controller->beforeAction(Object(yii\base\InlineAction))
#20 E:\vagrant\www\QXCMS\vendor\yiisoft\yii2\base\Controller.php(152): yii\web\Controller->beforeAction(Object(yii\base\InlineAction))
#21 E:\vagrant\www\QXCMS\vendor\yiisoft\yii2\base\Module.php(454): yii\base\Controller->runAction('signup', Array)
#22 E:\vagrant\www\QXCMS\vendor\yiisoft\yii2\web\Application.php(87): yii\base\Module->runAction('site/signup', Array)
#23 E:\vagrant\www\QXCMS\vendor\yiisoft\yii2\base\Application.php(375): yii\web\Application->handleRequest(Object(yii\web\Request))
#24 E:\vagrant\www\QXCMS\backend\web\index.php(18): yii\base\Application->run()
#25 {main}
Additional Information:

2016-10-24 12:35:13 [127.0.0.1][-][afb2au2arims6vgfjs38bhuut3][info][application] $_GET = [
    'r' => 'site/signup'
]

$_COOKIE = [
    'Hm_lvt_5fedb3bdce89499492c079ab4a8a0323' => '1474431359'
    '_ga' => 'GA1.1.289617722.1476272282'
    '_identity' => 'cb4532dd8e007e20e9e85411768d77b58710be075d90984984d6a3f8a4d92590a:2:{i:0;s:9:\"_identity\";i:1;s:46:\"[1,\"pcXWmiJogxJg2S2qfNfocVVaAPNT6Gn4\",2592000]\";}'
    'advanced-backend' => 'afb2au2arims6vgfjs38bhuut3'
    '_identity-backend' => '3b8e3998c90048059106314fca8d7a286bdab4597ec8afb16be83787a07acb12a:2:{i:0;s:17:\"_identity-backend\";i:1;s:46:\"[1,\"LPxZC-5Nr46PYAqaUfyyonh_Pkhz6KeF\",2592000]\";}'
    '_csrf-backend' => 'ecd1941ebafb09121f00efaae2d047b55abef1160ef012f801b349fbf394c088a:2:{i:0;s:13:\"_csrf-backend\";i:1;s:32:\"T6LaHKDqS6tYZPjI5H__swWOK4k0RyJl\";}'
]

$_SESSION = [
    '__flash' => []
    '__id' => 1
]

$_SERVER = [
    '#envTSLOGXMediaLibrary4416' => '278396592'
    'ALLUSERSPROFILE' => 'C:\\ProgramData'
    'APPDATA' => 'C:\\Users\\Administrator\\AppData\\Roaming'
    'ChocolateyInstall' => 'C:\\ProgramData\\chocolatey'
    'CommonProgramFiles' => 'C:\\Program Files (x86)\\Common Files'
    'CommonProgramFiles(x86)' => 'C:\\Program Files (x86)\\Common Files'
    'CommonProgramW6432' => 'C:\\Program Files\\Common Files'
    'COMPUTERNAME' => 'SC-201605231612'
    'ComSpec' => 'C:\\Windows\\system32\\cmd.exe'
    'DEVMGR_SHOW_DETAILS' => '1'
    'DOCKER_TOOLBOX_INSTALL_PATH' => 'D:\\Program Files (x86)\\Docker Toolbox'
    'FPS_BROWSER_APP_PROFILE_STRING' => 'Internet Explorer'
    'FPS_BROWSER_USER_PROFILE_STRING' => 'Default'
    'GTK_BASEPATH' => 'C:\\Program Files (x86)\\GtkSharp\\2.12\\'
    'HOME' => 'D:\\emacs'
    'HOMEDRIVE' => 'C:'
    'HOMEPATH' => '\\Users\\Administrator'
    'K2PDFOPT_CUSTOM0' => 'Last Settings;-o D:\\USER\\destop\\%b_k2opt;-ws -1'
    'K2PDFOPT_CUSTOM1' => '2-column paper;-mode 2col;'
    'K2PDFOPT_CUSTOM2' => 'Trim Margins;-mode fw;'
    'K2PDFOPT_WINPOS' => '490 35 1290 697'
    'LOCALAPPDATA' => 'C:\\Users\\Administrator\\AppData\\Local'
    'LOGONSERVER' => '\\\\SC-201605231612'
    'NUMBER_OF_PROCESSORS' => '4'
    'OS' => 'Windows_NT'
    'Path' => 'D:\\Users\\Administrator\\AppData\\Local\\Programs\\Python\\Python35-32\\Scripts\\;D:\\Users\\Administrator\\AppData\\Local\\Programs\\Python\\Python35-32\\;C:\\Windows\\system32;C:\\Windows;C:\\Windows\\System32\\Wbem;C:\\Windows\\System32\\WindowsPowerShell\\v1.0\\;C:\\Program Files (x86)\\ATI Technologies\\ATI.ACE\\Core-Static;C:\\ProgramData\\chocolatey\\bin;C:\\Program Files (x86)\\GtkSharp\\2.12\\bin;D:\\software\\nodejs\\;D:\\php;C:\\ProgramData\\ComposerSetup\\bin;C:\\Users\\Administrator\\AppData\\Roaming\\Composer\\vendor\\bin;D:\\MySQL\\bin;D:\\Program Files (x86)\\bin;C:\\Program Files\\Calibre2\\;D:\\Program Files (x86)\\Git\\cmd;D:\\Program Files (x86)\\Git\\mingw64\\bin;D:\\Program Files (x86)\\Git\\usr\\bin;E:\\vagrant\\php70n;C:\\ProgramData\\chocolatey\\bin;D:\\software\\cmder;C:\\Users\\Administrator\\AppData\\Roaming\\npm;C:\\Users\\Administrator\\AppData\\Roaming\\Composer\\vendor\\bin;D:\\Program Files (x86)\\Docker Toolbox;D:\\software\\cmder\\vendor\\git-for-windows\\usr\\bin'
    'PATHEXT' => '.COM;.EXE;.BAT;.CMD;.VBS;.VBE;.JS;.JSE;.WSF;.WSH;.MSC;.PY;.PYW'
    'PROCESSOR_ARCHITECTURE' => 'x86'
    'PROCESSOR_ARCHITEW6432' => 'AMD64'
    'PROCESSOR_IDENTIFIER' => 'AMD64 Family 18 Model 1 Stepping 0, AuthenticAMD'
    'PROCESSOR_LEVEL' => '18'
    'PROCESSOR_REVISION' => '0100'
    'ProgramData' => 'C:\\ProgramData'
    'ProgramFiles' => 'C:\\Program Files (x86)'
    'ProgramFiles(x86)' => 'C:\\Program Files (x86)'
    'ProgramW6432' => 'C:\\Program Files'
    'PSModulePath' => 'C:\\Windows\\system32\\WindowsPowerShell\\v1.0\\Modules\\'
    'PUBLIC' => 'C:\\Users\\Public'
    'SESSIONNAME' => 'Console'
    'SystemDrive' => 'C:'
    'SystemRoot' => 'C:\\Windows'
    'TEMP' => 'C:\\Users\\ADMINI~1\\AppData\\Local\\Temp'
    'TMP' => 'C:\\Users\\ADMINI~1\\AppData\\Local\\Temp'
    'USERDOMAIN' => 'SC-201605231612'
    'USERDOMAIN_ROAMINGPROFILE' => 'SC-201605231612'
    'USERNAME' => 'Admin'
    'USERPROFILE' => 'C:\\Users\\Administrator'
    'VBOX_MSI_INSTALL_PATH' => 'D:\\Program Files (x86)\\'
    'VS140COMNTOOLS' => 'C:\\Program Files (x86)\\Microsoft Visual Studio 14.0\\Common7\\Tools\\'
    'windir' => 'C:\\Windows'
    'HTTP_COOKIE' => 'Hm_lvt_5fedb3bdce89499492c079ab4a8a0323=1474431359; _ga=GA1.1.289617722.1476272282; _identity=cb4532dd8e007e20e9e85411768d77b58710be075d90984984d6a3f8a4d92590a%3A2%3A%7Bi%3A0%3Bs%3A9%3A%22_identity%22%3Bi%3A1%3Bs%3A46%3A%22%5B1%2C%22pcXWmiJogxJg2S2qfNfocVVaAPNT6Gn4%22%2C2592000%5D%22%3B%7D; advanced-backend=afb2au2arims6vgfjs38bhuut3; _identity-backend=3b8e3998c90048059106314fca8d7a286bdab4597ec8afb16be83787a07acb12a%3A2%3A%7Bi%3A0%3Bs%3A17%3A%22_identity-backend%22%3Bi%3A1%3Bs%3A46%3A%22%5B1%2C%22LPxZC-5Nr46PYAqaUfyyonh_Pkhz6KeF%22%2C2592000%5D%22%3B%7D; _csrf-backend=ecd1941ebafb09121f00efaae2d047b55abef1160ef012f801b349fbf394c088a%3A2%3A%7Bi%3A0%3Bs%3A13%3A%22_csrf-backend%22%3Bi%3A1%3Bs%3A32%3A%22T6LaHKDqS6tYZPjI5H__swWOK4k0RyJl%22%3B%7D'
    'HTTP_ACCEPT_LANGUAGE' => 'zh-CN,zh;q=0.8'
    'HTTP_ACCEPT_ENCODING' => 'gzip, deflate, sdch'
    'HTTP_REFERER' => 'http://localhost/QXCMS/backend/web/index.php?r=site%2Fsignup'
    'HTTP_USER_AGENT' => 'Mozilla/5.0 (Windows NT 10.0; WOW64) AppleWebKit/537.36 (KHTML, like Gecko) Chrome/48.0.2564.116 Safari/537.36 TheWorld 7'
    'HTTP_UPGRADE_INSECURE_REQUESTS' => '1'
    'HTTP_ACCEPT' => 'text/html,application/xhtml+xml,application/xml;q=0.9,image/webp,*/*;q=0.8'
    'HTTP_CACHE_CONTROL' => 'max-age=0'
    'HTTP_CONNECTION' => 'keep-alive'
    'HTTP_HOST' => 'localhost'
    'REDIRECT_STATUS' => '200'
    'SERVER_NAME' => 'localhost'
    'SERVER_PORT' => '80'
    'SERVER_ADDR' => '127.0.0.1'
    'REMOTE_PORT' => '52205'
    'REMOTE_ADDR' => '127.0.0.1'
    'SERVER_SOFTWARE' => 'nginx/1.9.9'
    'GATEWAY_INTERFACE' => 'CGI/1.1'
    'SERVER_PROTOCOL' => 'HTTP/1.1'
    'DOCUMENT_ROOT' => 'E:/vagrant/WWW'
    'DOCUMENT_URI' => '/QXCMS/backend/web/index.php'
    'REQUEST_URI' => '/QXCMS/backend/web/index.php?r=site%2Fsignup'
    'SCRIPT_NAME' => '/QXCMS/backend/web/index.php'
    'CONTENT_LENGTH' => ''
    'CONTENT_TYPE' => ''
    'REQUEST_METHOD' => 'GET'
    'QUERY_STRING' => 'r=site%2Fsignup'
    'PATH_TRANSLATED' => 'E:/vagrant/WWW'
    'PATH_INFO' => ''
    'SCRIPT_FILENAME' => 'E:/vagrant/WWW/QXCMS/backend/web/index.php'
    'FCGI_ROLE' => 'RESPONDER'
    'PHP_SELF' => '/QXCMS/backend/web/index.php'
    'REQUEST_TIME_FLOAT' => 1477312513.2179
    'REQUEST_TIME' => 1477312513
]
2016-10-24 12:36:33 [127.0.0.1][-][afb2au2arims6vgfjs38bhuut3][error][yii\db\Exception] PDOException: SQLSTATE[42S02]: Base table or view not found: 1146 Table 'qx_cms.backend_user' doesn't exist in E:\vagrant\www\QXCMS\vendor\yiisoft\yii2\db\Command.php:900
Stack trace:
#0 E:\vagrant\www\QXCMS\vendor\yiisoft\yii2\db\Command.php(900): PDOStatement->execute()
#1 E:\vagrant\www\QXCMS\vendor\yiisoft\yii2\db\Command.php(376): yii\db\Command->queryInternal('fetch', NULL)
#2 E:\vagrant\www\QXCMS\vendor\yiisoft\yii2\db\Query.php(247): yii\db\Command->queryOne()
#3 E:\vagrant\www\QXCMS\vendor\yiisoft\yii2\db\ActiveQuery.php(295): yii\db\Query->one(NULL)
#4 E:\vagrant\www\QXCMS\vendor\yiisoft\yii2\db\BaseActiveRecord.php(107): yii\db\ActiveQuery->one()
#5 E:\vagrant\www\QXCMS\backend\models\User.php(64): yii\db\BaseActiveRecord::findOne(Array)
#6 E:\vagrant\www\QXCMS\vendor\yiisoft\yii2\web\User.php(665): backend\models\User::findIdentity(1)
#7 E:\vagrant\www\QXCMS\vendor\yiisoft\yii2\web\User.php(188): yii\web\User->renewAuthStatus()
#8 E:\vagrant\www\QXCMS\vendor\yiisoft\yii2\web\User.php(340): yii\web\User->getIdentity()
#9 E:\vagrant\www\QXCMS\vendor\yiisoft\yii2\filters\AccessRule.php(144): yii\web\User->getIsGuest()
#10 E:\vagrant\www\QXCMS\vendor\yiisoft\yii2\filters\AccessRule.php(103): yii\filters\AccessRule->matchRole(Object(yii\web\User))
#11 E:\vagrant\www\QXCMS\vendor\yiisoft\yii2\filters\AccessControl.php(118): yii\filters\AccessRule->allows(Object(yii\base\InlineAction), Object(yii\web\User), Object(yii\web\Request))
#12 E:\vagrant\www\QXCMS\vendor\yiisoft\yii2\base\ActionFilter.php(73): yii\filters\AccessControl->beforeAction(Object(yii\base\InlineAction))
#13 [internal function]: yii\base\ActionFilter->beforeFilter(Object(yii\base\ActionEvent))
#14 E:\vagrant\www\QXCMS\vendor\yiisoft\yii2\base\Component.php(541): call_user_func(Array, Object(yii\base\ActionEvent))
#15 E:\vagrant\www\QXCMS\vendor\yiisoft\yii2\base\Controller.php(269): yii\base\Component->trigger('beforeAction', Object(yii\base\ActionEvent))
#16 E:\vagrant\www\QXCMS\vendor\yiisoft\yii2\web\Controller.php(108): yii\base\Controller->beforeAction(Object(yii\base\InlineAction))
#17 E:\vagrant\www\QXCMS\vendor\yiisoft\yii2\base\Controller.php(152): yii\web\Controller->beforeAction(Object(yii\base\InlineAction))
#18 E:\vagrant\www\QXCMS\vendor\yiisoft\yii2\base\Module.php(454): yii\base\Controller->runAction('signup', Array)
#19 E:\vagrant\www\QXCMS\vendor\yiisoft\yii2\web\Application.php(87): yii\base\Module->runAction('site/signup', Array)
#20 E:\vagrant\www\QXCMS\vendor\yiisoft\yii2\base\Application.php(375): yii\web\Application->handleRequest(Object(yii\web\Request))
#21 E:\vagrant\www\QXCMS\backend\web\index.php(18): yii\base\Application->run()
#22 {main}

Next yii\db\Exception: SQLSTATE[42S02]: Base table or view not found: 1146 Table 'qx_cms.backend_user' doesn't exist
The SQL being executed was: SELECT * FROM `backend_user` WHERE (`id`=1) AND (`status`=10) in E:\vagrant\www\QXCMS\vendor\yiisoft\yii2\db\Schema.php:633
Stack trace:
#0 E:\vagrant\www\QXCMS\vendor\yiisoft\yii2\db\Command.php(915): yii\db\Schema->convertException(Object(PDOException), 'SELECT * FROM `...')
#1 E:\vagrant\www\QXCMS\vendor\yiisoft\yii2\db\Command.php(376): yii\db\Command->queryInternal('fetch', NULL)
#2 E:\vagrant\www\QXCMS\vendor\yiisoft\yii2\db\Query.php(247): yii\db\Command->queryOne()
#3 E:\vagrant\www\QXCMS\vendor\yiisoft\yii2\db\ActiveQuery.php(295): yii\db\Query->one(NULL)
#4 E:\vagrant\www\QXCMS\vendor\yiisoft\yii2\db\BaseActiveRecord.php(107): yii\db\ActiveQuery->one()
#5 E:\vagrant\www\QXCMS\backend\models\User.php(64): yii\db\BaseActiveRecord::findOne(Array)
#6 E:\vagrant\www\QXCMS\vendor\yiisoft\yii2\web\User.php(665): backend\models\User::findIdentity(1)
#7 E:\vagrant\www\QXCMS\vendor\yiisoft\yii2\web\User.php(188): yii\web\User->renewAuthStatus()
#8 E:\vagrant\www\QXCMS\vendor\yiisoft\yii2\web\User.php(340): yii\web\User->getIdentity()
#9 E:\vagrant\www\QXCMS\vendor\yiisoft\yii2\filters\AccessRule.php(144): yii\web\User->getIsGuest()
#10 E:\vagrant\www\QXCMS\vendor\yiisoft\yii2\filters\AccessRule.php(103): yii\filters\AccessRule->matchRole(Object(yii\web\User))
#11 E:\vagrant\www\QXCMS\vendor\yiisoft\yii2\filters\AccessControl.php(118): yii\filters\AccessRule->allows(Object(yii\base\InlineAction), Object(yii\web\User), Object(yii\web\Request))
#12 E:\vagrant\www\QXCMS\vendor\yiisoft\yii2\base\ActionFilter.php(73): yii\filters\AccessControl->beforeAction(Object(yii\base\InlineAction))
#13 [internal function]: yii\base\ActionFilter->beforeFilter(Object(yii\base\ActionEvent))
#14 E:\vagrant\www\QXCMS\vendor\yiisoft\yii2\base\Component.php(541): call_user_func(Array, Object(yii\base\ActionEvent))
#15 E:\vagrant\www\QXCMS\vendor\yiisoft\yii2\base\Controller.php(269): yii\base\Component->trigger('beforeAction', Object(yii\base\ActionEvent))
#16 E:\vagrant\www\QXCMS\vendor\yiisoft\yii2\web\Controller.php(108): yii\base\Controller->beforeAction(Object(yii\base\InlineAction))
#17 E:\vagrant\www\QXCMS\vendor\yiisoft\yii2\base\Controller.php(152): yii\web\Controller->beforeAction(Object(yii\base\InlineAction))
#18 E:\vagrant\www\QXCMS\vendor\yiisoft\yii2\base\Module.php(454): yii\base\Controller->runAction('signup', Array)
#19 E:\vagrant\www\QXCMS\vendor\yiisoft\yii2\web\Application.php(87): yii\base\Module->runAction('site/signup', Array)
#20 E:\vagrant\www\QXCMS\vendor\yiisoft\yii2\base\Application.php(375): yii\web\Application->handleRequest(Object(yii\web\Request))
#21 E:\vagrant\www\QXCMS\backend\web\index.php(18): yii\base\Application->run()
#22 {main}
Additional Information:
Array
(
    [0] => 42S02
    [1] => 1146
    [2] => Table 'qx_cms.backend_user' doesn't exist
)

2016-10-24 12:36:30 [127.0.0.1][-][afb2au2arims6vgfjs38bhuut3][info][application] $_GET = [
    'r' => 'site/signup'
]

$_COOKIE = [
    'Hm_lvt_5fedb3bdce89499492c079ab4a8a0323' => '1474431359'
    '_ga' => 'GA1.1.289617722.1476272282'
    '_identity' => 'cb4532dd8e007e20e9e85411768d77b58710be075d90984984d6a3f8a4d92590a:2:{i:0;s:9:\"_identity\";i:1;s:46:\"[1,\"pcXWmiJogxJg2S2qfNfocVVaAPNT6Gn4\",2592000]\";}'
    'advanced-backend' => 'afb2au2arims6vgfjs38bhuut3'
    '_identity-backend' => '3b8e3998c90048059106314fca8d7a286bdab4597ec8afb16be83787a07acb12a:2:{i:0;s:17:\"_identity-backend\";i:1;s:46:\"[1,\"LPxZC-5Nr46PYAqaUfyyonh_Pkhz6KeF\",2592000]\";}'
    '_csrf-backend' => 'ecd1941ebafb09121f00efaae2d047b55abef1160ef012f801b349fbf394c088a:2:{i:0;s:13:\"_csrf-backend\";i:1;s:32:\"T6LaHKDqS6tYZPjI5H__swWOK4k0RyJl\";}'
]

$_SESSION = [
    '__flash' => []
    '__id' => 1
]

$_SERVER = [
    '#envTSLOGXMediaLibrary4416' => '278396592'
    'ALLUSERSPROFILE' => 'C:\\ProgramData'
    'APPDATA' => 'C:\\Users\\Administrator\\AppData\\Roaming'
    'ChocolateyInstall' => 'C:\\ProgramData\\chocolatey'
    'CommonProgramFiles' => 'C:\\Program Files (x86)\\Common Files'
    'CommonProgramFiles(x86)' => 'C:\\Program Files (x86)\\Common Files'
    'CommonProgramW6432' => 'C:\\Program Files\\Common Files'
    'COMPUTERNAME' => 'SC-201605231612'
    'ComSpec' => 'C:\\Windows\\system32\\cmd.exe'
    'DEVMGR_SHOW_DETAILS' => '1'
    'DOCKER_TOOLBOX_INSTALL_PATH' => 'D:\\Program Files (x86)\\Docker Toolbox'
    'FPS_BROWSER_APP_PROFILE_STRING' => 'Internet Explorer'
    'FPS_BROWSER_USER_PROFILE_STRING' => 'Default'
    'GTK_BASEPATH' => 'C:\\Program Files (x86)\\GtkSharp\\2.12\\'
    'HOME' => 'D:\\emacs'
    'HOMEDRIVE' => 'C:'
    'HOMEPATH' => '\\Users\\Administrator'
    'K2PDFOPT_CUSTOM0' => 'Last Settings;-o D:\\USER\\destop\\%b_k2opt;-ws -1'
    'K2PDFOPT_CUSTOM1' => '2-column paper;-mode 2col;'
    'K2PDFOPT_CUSTOM2' => 'Trim Margins;-mode fw;'
    'K2PDFOPT_WINPOS' => '490 35 1290 697'
    'LOCALAPPDATA' => 'C:\\Users\\Administrator\\AppData\\Local'
    'LOGONSERVER' => '\\\\SC-201605231612'
    'NUMBER_OF_PROCESSORS' => '4'
    'OS' => 'Windows_NT'
    'Path' => 'D:\\Users\\Administrator\\AppData\\Local\\Programs\\Python\\Python35-32\\Scripts\\;D:\\Users\\Administrator\\AppData\\Local\\Programs\\Python\\Python35-32\\;C:\\Windows\\system32;C:\\Windows;C:\\Windows\\System32\\Wbem;C:\\Windows\\System32\\WindowsPowerShell\\v1.0\\;C:\\Program Files (x86)\\ATI Technologies\\ATI.ACE\\Core-Static;C:\\ProgramData\\chocolatey\\bin;C:\\Program Files (x86)\\GtkSharp\\2.12\\bin;D:\\software\\nodejs\\;D:\\php;C:\\ProgramData\\ComposerSetup\\bin;C:\\Users\\Administrator\\AppData\\Roaming\\Composer\\vendor\\bin;D:\\MySQL\\bin;D:\\Program Files (x86)\\bin;C:\\Program Files\\Calibre2\\;D:\\Program Files (x86)\\Git\\cmd;D:\\Program Files (x86)\\Git\\mingw64\\bin;D:\\Program Files (x86)\\Git\\usr\\bin;E:\\vagrant\\php70n;C:\\ProgramData\\chocolatey\\bin;D:\\software\\cmder;C:\\Users\\Administrator\\AppData\\Roaming\\npm;C:\\Users\\Administrator\\AppData\\Roaming\\Composer\\vendor\\bin;D:\\Program Files (x86)\\Docker Toolbox;D:\\software\\cmder\\vendor\\git-for-windows\\usr\\bin'
    'PATHEXT' => '.COM;.EXE;.BAT;.CMD;.VBS;.VBE;.JS;.JSE;.WSF;.WSH;.MSC;.PY;.PYW'
    'PROCESSOR_ARCHITECTURE' => 'x86'
    'PROCESSOR_ARCHITEW6432' => 'AMD64'
    'PROCESSOR_IDENTIFIER' => 'AMD64 Family 18 Model 1 Stepping 0, AuthenticAMD'
    'PROCESSOR_LEVEL' => '18'
    'PROCESSOR_REVISION' => '0100'
    'ProgramData' => 'C:\\ProgramData'
    'ProgramFiles' => 'C:\\Program Files (x86)'
    'ProgramFiles(x86)' => 'C:\\Program Files (x86)'
    'ProgramW6432' => 'C:\\Program Files'
    'PSModulePath' => 'C:\\Windows\\system32\\WindowsPowerShell\\v1.0\\Modules\\'
    'PUBLIC' => 'C:\\Users\\Public'
    'SESSIONNAME' => 'Console'
    'SystemDrive' => 'C:'
    'SystemRoot' => 'C:\\Windows'
    'TEMP' => 'C:\\Users\\ADMINI~1\\AppData\\Local\\Temp'
    'TMP' => 'C:\\Users\\ADMINI~1\\AppData\\Local\\Temp'
    'USERDOMAIN' => 'SC-201605231612'
    'USERDOMAIN_ROAMINGPROFILE' => 'SC-201605231612'
    'USERNAME' => 'Admin'
    'USERPROFILE' => 'C:\\Users\\Administrator'
    'VBOX_MSI_INSTALL_PATH' => 'D:\\Program Files (x86)\\'
    'VS140COMNTOOLS' => 'C:\\Program Files (x86)\\Microsoft Visual Studio 14.0\\Common7\\Tools\\'
    'windir' => 'C:\\Windows'
    'HTTP_COOKIE' => 'Hm_lvt_5fedb3bdce89499492c079ab4a8a0323=1474431359; _ga=GA1.1.289617722.1476272282; _identity=cb4532dd8e007e20e9e85411768d77b58710be075d90984984d6a3f8a4d92590a%3A2%3A%7Bi%3A0%3Bs%3A9%3A%22_identity%22%3Bi%3A1%3Bs%3A46%3A%22%5B1%2C%22pcXWmiJogxJg2S2qfNfocVVaAPNT6Gn4%22%2C2592000%5D%22%3B%7D; advanced-backend=afb2au2arims6vgfjs38bhuut3; _identity-backend=3b8e3998c90048059106314fca8d7a286bdab4597ec8afb16be83787a07acb12a%3A2%3A%7Bi%3A0%3Bs%3A17%3A%22_identity-backend%22%3Bi%3A1%3Bs%3A46%3A%22%5B1%2C%22LPxZC-5Nr46PYAqaUfyyonh_Pkhz6KeF%22%2C2592000%5D%22%3B%7D; _csrf-backend=ecd1941ebafb09121f00efaae2d047b55abef1160ef012f801b349fbf394c088a%3A2%3A%7Bi%3A0%3Bs%3A13%3A%22_csrf-backend%22%3Bi%3A1%3Bs%3A32%3A%22T6LaHKDqS6tYZPjI5H__swWOK4k0RyJl%22%3B%7D'
    'HTTP_ACCEPT_LANGUAGE' => 'zh-CN,zh;q=0.8'
    'HTTP_ACCEPT_ENCODING' => 'gzip, deflate, sdch'
    'HTTP_REFERER' => 'http://localhost/QXCMS/backend/web/index.php?r=site%2Fsignup'
    'HTTP_USER_AGENT' => 'Mozilla/5.0 (Windows NT 10.0; WOW64) AppleWebKit/537.36 (KHTML, like Gecko) Chrome/48.0.2564.116 Safari/537.36 TheWorld 7'
    'HTTP_UPGRADE_INSECURE_REQUESTS' => '1'
    'HTTP_ACCEPT' => 'text/html,application/xhtml+xml,application/xml;q=0.9,image/webp,*/*;q=0.8'
    'HTTP_CACHE_CONTROL' => 'max-age=0'
    'HTTP_CONNECTION' => 'keep-alive'
    'HTTP_HOST' => 'localhost'
    'REDIRECT_STATUS' => '200'
    'SERVER_NAME' => 'localhost'
    'SERVER_PORT' => '80'
    'SERVER_ADDR' => '127.0.0.1'
    'REMOTE_PORT' => '52295'
    'REMOTE_ADDR' => '127.0.0.1'
    'SERVER_SOFTWARE' => 'nginx/1.9.9'
    'GATEWAY_INTERFACE' => 'CGI/1.1'
    'SERVER_PROTOCOL' => 'HTTP/1.1'
    'DOCUMENT_ROOT' => 'E:/vagrant/WWW'
    'DOCUMENT_URI' => '/QXCMS/backend/web/index.php'
    'REQUEST_URI' => '/QXCMS/backend/web/index.php?r=site%2Fsignup'
    'SCRIPT_NAME' => '/QXCMS/backend/web/index.php'
    'CONTENT_LENGTH' => ''
    'CONTENT_TYPE' => ''
    'REQUEST_METHOD' => 'GET'
    'QUERY_STRING' => 'r=site%2Fsignup'
    'PATH_TRANSLATED' => 'E:/vagrant/WWW'
    'PATH_INFO' => ''
    'SCRIPT_FILENAME' => 'E:/vagrant/WWW/QXCMS/backend/web/index.php'
    'FCGI_ROLE' => 'RESPONDER'
    'PHP_SELF' => '/QXCMS/backend/web/index.php'
    'REQUEST_TIME_FLOAT' => 1477312590.8909
    'REQUEST_TIME' => 1477312590
]
2016-10-24 12:39:53 [127.0.0.1][1][afb2au2arims6vgfjs38bhuut3][error][yii\web\HttpException:403] yii\web\ForbiddenHttpException: 您没有执行此操作的权限。 in E:\vagrant\www\QXCMS\vendor\yiisoft\yii2\filters\AccessControl.php:151
Stack trace:
#0 E:\vagrant\www\QXCMS\vendor\yiisoft\yii2\filters\AccessControl.php(134): yii\filters\AccessControl->denyAccess(Object(yii\web\User))
#1 E:\vagrant\www\QXCMS\vendor\yiisoft\yii2\base\ActionFilter.php(73): yii\filters\AccessControl->beforeAction(Object(yii\base\InlineAction))
#2 [internal function]: yii\base\ActionFilter->beforeFilter(Object(yii\base\ActionEvent))
#3 E:\vagrant\www\QXCMS\vendor\yiisoft\yii2\base\Component.php(541): call_user_func(Array, Object(yii\base\ActionEvent))
#4 E:\vagrant\www\QXCMS\vendor\yiisoft\yii2\base\Controller.php(269): yii\base\Component->trigger('beforeAction', Object(yii\base\ActionEvent))
#5 E:\vagrant\www\QXCMS\vendor\yiisoft\yii2\web\Controller.php(108): yii\base\Controller->beforeAction(Object(yii\base\InlineAction))
#6 E:\vagrant\www\QXCMS\vendor\yiisoft\yii2\base\Controller.php(152): yii\web\Controller->beforeAction(Object(yii\base\InlineAction))
#7 E:\vagrant\www\QXCMS\vendor\yiisoft\yii2\base\Module.php(454): yii\base\Controller->runAction('signup', Array)
#8 E:\vagrant\www\QXCMS\vendor\yiisoft\yii2\web\Application.php(87): yii\base\Module->runAction('site/signup', Array)
#9 E:\vagrant\www\QXCMS\vendor\yiisoft\yii2\base\Application.php(375): yii\web\Application->handleRequest(Object(yii\web\Request))
#10 E:\vagrant\www\QXCMS\backend\web\index.php(18): yii\base\Application->run()
#11 {main}
2016-10-24 12:39:51 [127.0.0.1][1][afb2au2arims6vgfjs38bhuut3][info][application] $_GET = [
    'r' => 'site/signup'
]

$_COOKIE = [
    'Hm_lvt_5fedb3bdce89499492c079ab4a8a0323' => '1474431359'
    '_ga' => 'GA1.1.289617722.1476272282'
    '_identity' => 'cb4532dd8e007e20e9e85411768d77b58710be075d90984984d6a3f8a4d92590a:2:{i:0;s:9:\"_identity\";i:1;s:46:\"[1,\"pcXWmiJogxJg2S2qfNfocVVaAPNT6Gn4\",2592000]\";}'
    'advanced-backend' => 'afb2au2arims6vgfjs38bhuut3'
    '_identity-backend' => '3b8e3998c90048059106314fca8d7a286bdab4597ec8afb16be83787a07acb12a:2:{i:0;s:17:\"_identity-backend\";i:1;s:46:\"[1,\"LPxZC-5Nr46PYAqaUfyyonh_Pkhz6KeF\",2592000]\";}'
    '_csrf-backend' => 'ecd1941ebafb09121f00efaae2d047b55abef1160ef012f801b349fbf394c088a:2:{i:0;s:13:\"_csrf-backend\";i:1;s:32:\"T6LaHKDqS6tYZPjI5H__swWOK4k0RyJl\";}'
]

$_SESSION = [
    '__flash' => []
    '__id' => 1
]

$_SERVER = [
    '#envTSLOGXMediaLibrary4416' => '278396592'
    'ALLUSERSPROFILE' => 'C:\\ProgramData'
    'APPDATA' => 'C:\\Users\\Administrator\\AppData\\Roaming'
    'ChocolateyInstall' => 'C:\\ProgramData\\chocolatey'
    'CommonProgramFiles' => 'C:\\Program Files (x86)\\Common Files'
    'CommonProgramFiles(x86)' => 'C:\\Program Files (x86)\\Common Files'
    'CommonProgramW6432' => 'C:\\Program Files\\Common Files'
    'COMPUTERNAME' => 'SC-201605231612'
    'ComSpec' => 'C:\\Windows\\system32\\cmd.exe'
    'DEVMGR_SHOW_DETAILS' => '1'
    'DOCKER_TOOLBOX_INSTALL_PATH' => 'D:\\Program Files (x86)\\Docker Toolbox'
    'FPS_BROWSER_APP_PROFILE_STRING' => 'Internet Explorer'
    'FPS_BROWSER_USER_PROFILE_STRING' => 'Default'
    'GTK_BASEPATH' => 'C:\\Program Files (x86)\\GtkSharp\\2.12\\'
    'HOME' => 'D:\\emacs'
    'HOMEDRIVE' => 'C:'
    'HOMEPATH' => '\\Users\\Administrator'
    'K2PDFOPT_CUSTOM0' => 'Last Settings;-o D:\\USER\\destop\\%b_k2opt;-ws -1'
    'K2PDFOPT_CUSTOM1' => '2-column paper;-mode 2col;'
    'K2PDFOPT_CUSTOM2' => 'Trim Margins;-mode fw;'
    'K2PDFOPT_WINPOS' => '490 35 1290 697'
    'LOCALAPPDATA' => 'C:\\Users\\Administrator\\AppData\\Local'
    'LOGONSERVER' => '\\\\SC-201605231612'
    'NUMBER_OF_PROCESSORS' => '4'
    'OS' => 'Windows_NT'
    'Path' => 'D:\\Users\\Administrator\\AppData\\Local\\Programs\\Python\\Python35-32\\Scripts\\;D:\\Users\\Administrator\\AppData\\Local\\Programs\\Python\\Python35-32\\;C:\\Windows\\system32;C:\\Windows;C:\\Windows\\System32\\Wbem;C:\\Windows\\System32\\WindowsPowerShell\\v1.0\\;C:\\Program Files (x86)\\ATI Technologies\\ATI.ACE\\Core-Static;C:\\ProgramData\\chocolatey\\bin;C:\\Program Files (x86)\\GtkSharp\\2.12\\bin;D:\\software\\nodejs\\;D:\\php;C:\\ProgramData\\ComposerSetup\\bin;C:\\Users\\Administrator\\AppData\\Roaming\\Composer\\vendor\\bin;D:\\MySQL\\bin;D:\\Program Files (x86)\\bin;C:\\Program Files\\Calibre2\\;D:\\Program Files (x86)\\Git\\cmd;D:\\Program Files (x86)\\Git\\mingw64\\bin;D:\\Program Files (x86)\\Git\\usr\\bin;E:\\vagrant\\php70n;C:\\ProgramData\\chocolatey\\bin;D:\\software\\cmder;C:\\Users\\Administrator\\AppData\\Roaming\\npm;C:\\Users\\Administrator\\AppData\\Roaming\\Composer\\vendor\\bin;D:\\Program Files (x86)\\Docker Toolbox;D:\\software\\cmder\\vendor\\git-for-windows\\usr\\bin'
    'PATHEXT' => '.COM;.EXE;.BAT;.CMD;.VBS;.VBE;.JS;.JSE;.WSF;.WSH;.MSC;.PY;.PYW'
    'PROCESSOR_ARCHITECTURE' => 'x86'
    'PROCESSOR_ARCHITEW6432' => 'AMD64'
    'PROCESSOR_IDENTIFIER' => 'AMD64 Family 18 Model 1 Stepping 0, AuthenticAMD'
    'PROCESSOR_LEVEL' => '18'
    'PROCESSOR_REVISION' => '0100'
    'ProgramData' => 'C:\\ProgramData'
    'ProgramFiles' => 'C:\\Program Files (x86)'
    'ProgramFiles(x86)' => 'C:\\Program Files (x86)'
    'ProgramW6432' => 'C:\\Program Files'
    'PSModulePath' => 'C:\\Windows\\system32\\WindowsPowerShell\\v1.0\\Modules\\'
    'PUBLIC' => 'C:\\Users\\Public'
    'SESSIONNAME' => 'Console'
    'SystemDrive' => 'C:'
    'SystemRoot' => 'C:\\Windows'
    'TEMP' => 'C:\\Users\\ADMINI~1\\AppData\\Local\\Temp'
    'TMP' => 'C:\\Users\\ADMINI~1\\AppData\\Local\\Temp'
    'USERDOMAIN' => 'SC-201605231612'
    'USERDOMAIN_ROAMINGPROFILE' => 'SC-201605231612'
    'USERNAME' => 'Admin'
    'USERPROFILE' => 'C:\\Users\\Administrator'
    'VBOX_MSI_INSTALL_PATH' => 'D:\\Program Files (x86)\\'
    'VS140COMNTOOLS' => 'C:\\Program Files (x86)\\Microsoft Visual Studio 14.0\\Common7\\Tools\\'
    'windir' => 'C:\\Windows'
    'HTTP_COOKIE' => 'Hm_lvt_5fedb3bdce89499492c079ab4a8a0323=1474431359; _ga=GA1.1.289617722.1476272282; _identity=cb4532dd8e007e20e9e85411768d77b58710be075d90984984d6a3f8a4d92590a%3A2%3A%7Bi%3A0%3Bs%3A9%3A%22_identity%22%3Bi%3A1%3Bs%3A46%3A%22%5B1%2C%22pcXWmiJogxJg2S2qfNfocVVaAPNT6Gn4%22%2C2592000%5D%22%3B%7D; advanced-backend=afb2au2arims6vgfjs38bhuut3; _identity-backend=3b8e3998c90048059106314fca8d7a286bdab4597ec8afb16be83787a07acb12a%3A2%3A%7Bi%3A0%3Bs%3A17%3A%22_identity-backend%22%3Bi%3A1%3Bs%3A46%3A%22%5B1%2C%22LPxZC-5Nr46PYAqaUfyyonh_Pkhz6KeF%22%2C2592000%5D%22%3B%7D; _csrf-backend=ecd1941ebafb09121f00efaae2d047b55abef1160ef012f801b349fbf394c088a%3A2%3A%7Bi%3A0%3Bs%3A13%3A%22_csrf-backend%22%3Bi%3A1%3Bs%3A32%3A%22T6LaHKDqS6tYZPjI5H__swWOK4k0RyJl%22%3B%7D'
    'HTTP_ACCEPT_LANGUAGE' => 'zh-CN,zh;q=0.8'
    'HTTP_ACCEPT_ENCODING' => 'gzip, deflate, sdch'
    'HTTP_REFERER' => 'http://localhost/QXCMS/backend/web/index.php?r=site%2Fsignup'
    'HTTP_USER_AGENT' => 'Mozilla/5.0 (Windows NT 10.0; WOW64) AppleWebKit/537.36 (KHTML, like Gecko) Chrome/48.0.2564.116 Safari/537.36 TheWorld 7'
    'HTTP_UPGRADE_INSECURE_REQUESTS' => '1'
    'HTTP_ACCEPT' => 'text/html,application/xhtml+xml,application/xml;q=0.9,image/webp,*/*;q=0.8'
    'HTTP_CACHE_CONTROL' => 'max-age=0'
    'HTTP_CONNECTION' => 'keep-alive'
    'HTTP_HOST' => 'localhost'
    'REDIRECT_STATUS' => '200'
    'SERVER_NAME' => 'localhost'
    'SERVER_PORT' => '80'
    'SERVER_ADDR' => '127.0.0.1'
    'REMOTE_PORT' => '52352'
    'REMOTE_ADDR' => '127.0.0.1'
    'SERVER_SOFTWARE' => 'nginx/1.9.9'
    'GATEWAY_INTERFACE' => 'CGI/1.1'
    'SERVER_PROTOCOL' => 'HTTP/1.1'
    'DOCUMENT_ROOT' => 'E:/vagrant/WWW'
    'DOCUMENT_URI' => '/QXCMS/backend/web/index.php'
    'REQUEST_URI' => '/QXCMS/backend/web/index.php?r=site%2Fsignup'
    'SCRIPT_NAME' => '/QXCMS/backend/web/index.php'
    'CONTENT_LENGTH' => ''
    'CONTENT_TYPE' => ''
    'REQUEST_METHOD' => 'GET'
    'QUERY_STRING' => 'r=site%2Fsignup'
    'PATH_TRANSLATED' => 'E:/vagrant/WWW'
    'PATH_INFO' => ''
    'SCRIPT_FILENAME' => 'E:/vagrant/WWW/QXCMS/backend/web/index.php'
    'FCGI_ROLE' => 'RESPONDER'
    'PHP_SELF' => '/QXCMS/backend/web/index.php'
    'REQUEST_TIME_FLOAT' => 1477312790.9762
    'REQUEST_TIME' => 1477312790
]
